app/build/intermediates/manifest_merge_blame_file/release/manifest-merger-blame-release-report.txt
1<?xml version="1.0" encoding="utf-8"?>
2<manifest xmlns:android="http://schemas.android.com/apk/res/android"
3    package="com.testapp"
4    android:versionCode="1"
5    android:versionName="1.0" >
6
7    <uses-sdk
8        android:minSdkVersion="21"
8-->src/main/AndroidManifest.xml
9        android:targetSdkVersion="33" />
9-->src/main/AndroidManifest.xml
10
11    <uses-permission android:name="android.permission.INTERNET" />
11-->src/main/AndroidManifest.xml:3:5-67
11-->src/main/AndroidManifest.xml:3:22-64
12    <uses-permission android:name="android.permission.CAMERA" />
12-->src/main/AndroidManifest.xml:4:5-65
12-->src/main/AndroidManifest.xml:4:22-62
13    <uses-permission android:name="android.permission.RECORD_AUDIO" />
13-->src/main/AndroidManifest.xml:5:5-71
13-->src/main/AndroidManifest.xml:5:22-68
14    <uses-permission android:name="android.permission.MODIFY_AUDIO_SETTINGS" />
14-->src/main/AndroidManifest.xml:6:5-80
14-->src/main/AndroidManifest.xml:6:22-77
15    <uses-permission android:name="android.permission.VIDEO_CAPTURE" />
15-->src/main/AndroidManifest.xml:7:5-72
15-->src/main/AndroidManifest.xml:7:22-69
16    <uses-permission android:name="android.permission.AUDIO_CAPTURE" />
16-->src/main/AndroidManifest.xml:8:5-72
16-->src/main/AndroidManifest.xml:8:22-69
17
18    <uses-feature
18-->src/main/AndroidManifest.xml:9:5-85
19        android:name="android.hardware.camera"
19-->src/main/AndroidManifest.xml:9:19-57
20        android:required="false" />
20-->src/main/AndroidManifest.xml:9:58-82
21
22    <application
22-->src/main/AndroidManifest.xml:10:5-29:19
23        android:name="com.testapp.MainApplication"
23-->src/main/AndroidManifest.xml:11:7-38
24        android:allowBackup="false"
24-->src/main/AndroidManifest.xml:15:7-34
25        android:appComponentFactory="androidx.core.app.CoreComponentFactory"
25-->[androidx.core:core:1.7.0] AndroidManifest.xml:24:18-86
26        android:icon="@mipmap/ic_launcher"
26-->src/main/AndroidManifest.xml:13:7-41
27        android:label="@string/app_name"
27-->src/main/AndroidManifest.xml:12:7-39
28        android:roundIcon="@mipmap/ic_launcher_round"
28-->src/main/AndroidManifest.xml:14:7-52
29        android:theme="@style/AppTheme" >
29-->src/main/AndroidManifest.xml:16:7-38
30        <activity
30-->src/main/AndroidManifest.xml:17:7-28:18
31            android:name="com.testapp.MainActivity"
31-->src/main/AndroidManifest.xml:18:9-37
32            android:configChanges="keyboard|keyboardHidden|orientation|screenLayout|screenSize|smallestScreenSize|uiMode"
32-->src/main/AndroidManifest.xml:20:9-118
33            android:exported="true"
33-->src/main/AndroidManifest.xml:23:9-32
34            android:label="@string/app_name"
34-->src/main/AndroidManifest.xml:19:9-41
35            android:launchMode="singleTask"
35-->src/main/AndroidManifest.xml:21:9-40
36            android:windowSoftInputMode="adjustResize" >
36-->src/main/AndroidManifest.xml:22:9-51
37            <intent-filter>
37-->src/main/AndroidManifest.xml:24:9-27:25
38                <action android:name="android.intent.action.MAIN" />
38-->src/main/AndroidManifest.xml:25:13-65
38-->src/main/AndroidManifest.xml:25:21-62
39
40                <category android:name="android.intent.category.LAUNCHER" />
40-->src/main/AndroidManifest.xml:26:13-73
40-->src/main/AndroidManifest.xml:26:23-70
41            </intent-filter>
42        </activity>
43
44        <provider
44-->[:react-native-webview] AndroidManifest.xml:8:9-16:20
45            android:name="com.reactnativecommunity.webview.RNCWebViewFileProvider"
45-->[:react-native-webview] AndroidManifest.xml:9:13-83
46            android:authorities="com.testapp.fileprovider"
46-->[:react-native-webview] AndroidManifest.xml:10:13-64
47            android:exported="false"
47-->[:react-native-webview] AndroidManifest.xml:11:13-37
48            android:grantUriPermissions="true" >
48-->[:react-native-webview] AndroidManifest.xml:12:13-47
49            <meta-data
49-->[:react-native-webview] AndroidManifest.xml:13:13-15:63
50                android:name="android.support.FILE_PROVIDER_PATHS"
50-->[:react-native-webview] AndroidManifest.xml:14:17-67
51                android:resource="@xml/file_provider_paths" />
51-->[:react-native-webview] AndroidManifest.xml:15:17-60
52        </provider>
53        <provider
53-->[androidx.emoji2:emoji2:1.0.0] AndroidManifest.xml:26:9-34:20
54            android:name="androidx.startup.InitializationProvider"
54-->[androidx.emoji2:emoji2:1.0.0] AndroidManifest.xml:27:13-67
55            android:authorities="com.testapp.androidx-startup"
55-->[androidx.emoji2:emoji2:1.0.0] AndroidManifest.xml:28:13-68
56            android:exported="false" >
56-->[androidx.emoji2:emoji2:1.0.0] AndroidManifest.xml:29:13-37
57            <meta-data
57-->[androidx.emoji2:emoji2:1.0.0] AndroidManifest.xml:31:13-33:52
58                android:name="androidx.emoji2.text.EmojiCompatInitializer"
58-->[androidx.emoji2:emoji2:1.0.0] AndroidManifest.xml:32:17-75
59                android:value="androidx.startup" />
59-->[androidx.emoji2:emoji2:1.0.0] AndroidManifest.xml:33:17-49
60            <meta-data
60-->[androidx.lifecycle:lifecycle-process:2.4.0] AndroidManifest.xml:31:13-33:52
61                android:name="androidx.lifecycle.ProcessLifecycleInitializer"
61-->[androidx.lifecycle:lifecycle-process:2.4.0] AndroidManifest.xml:32:17-78
62                android:value="androidx.startup" />
62-->[androidx.lifecycle:lifecycle-process:2.4.0] AndroidManifest.xml:33:17-49
63        </provider>
64
65        <meta-data
65-->[com.facebook.soloader:soloader:0.10.5] AndroidManifest.xml:12:9-14:37
66            android:name="com.facebook.soloader.enabled"
66-->[com.facebook.soloader:soloader:0.10.5] AndroidManifest.xml:13:13-57
67            android:value="false" />
67-->[com.facebook.soloader:soloader:0.10.5] AndroidManifest.xml:14:13-34
68    </application>
69
70</manifest>